<?xml version="1.0" encoding="UTF-8"?>
<!-- Generated by org.testng.reporters.JUnitXMLReporter -->
<testsuite hostname="ladas-mbp.exigengroup.com" failures="0" tests="3" name="Test" time="16.643" errors="0" timestamp="30 Dec 2021 11:44:00 GMT">
  <testcase classname="lmakei.ValidateDiscountCard" name="validateDiscountCard" time="0.066"/>
  <testcase classname="lmakei.ValidateTittle" name="validateTittle" time="1.181"/>
  <testcase classname="lmakei.HomePage" name="BasePageNavigation" time="0.007">
    <skipped/>
  </testcase> <!-- BasePageNavigation -->
</testsuite> <!-- Test -->
