<?xml version="1.0" encoding="UTF-8"?>
<!-- Generated by org.testng.reporters.JUnitXMLReporter -->
<testsuite hostname="ladas-mbp.exigengroup.com" failures="0" tests="4" name="Test" time="18.101" errors="0" timestamp="30 Dec 2021 11:55:26 GMT">
  <testcase classname="lmakei.ValidateDiscountCard" name="validateDiscountCard" time="0.04"/>
  <testcase classname="lmakei.ValidateTittle" name="validateTittle" time="1.022"/>
  <testcase classname="lmakei.HomePage" name="BasePageNavigation" time="1.262"/>
  <testcase classname="lmakei.HomePage" name="BasePageNavigation" time="1.054"/>
</testsuite> <!-- Test -->
