<?xml version="1.0" encoding="UTF-8"?>
<testsuite xmlns:xsi="http://www.w3.org/2001/XMLSchema-instance" xsi:noNamespaceSchemaLocation="https://maven.apache.org/surefire/maven-surefire-plugin/xsd/surefire-test-report.xsd" name="TestSuite" time="8.347" tests="4" errors="0" skipped="0" failures="1">
  <properties>
[...]
</properties>
  <testcase name="validateDiscountCard" classname="lmakei.ValidateDiscountCard" time="0.065"/>
  <testcase name="validateTittle" classname="lmakei.ValidateTittle" time="0.11">
    <failure message="expected [MAKIAŽUI123] but found [MAKIAŽUI]" type="java.lang.AssertionError">java.lang.AssertionError: expected [MAKIAŽUI123] but found [MAKIAŽUI]
	at lmakei.ValidateTittle.validateTittle(ValidateTittle.java:35)
</failure>
    <system-err><![CDATA[Jan 04, 2022 5:25:29 PM org.openqa.selenium.devtools.CdpVersionFinder findNearestMatch
INFO: Found exact CDP implementation for version 85
1641309929234	Marionette	INFO	Stopped listening on port 56543
]]></system-err>
  </testcase>
  <testcase name="BasePageNavigation" classname="lmakei.HomePage" time="1.094"/>
  <testcase name="BasePageNavigation" classname="lmakei.HomePage" time="0.838"/>
</testsuite>