-------------------------------------------------------------------------------
Test set: TestSuite
-------------------------------------------------------------------------------
Tests run: 4, Failures: 1, Errors: 0, Skipped: 0, Time elapsed: 8.347 s <<< FAILURE! - in TestSuite
validateTittle(lmakei.ValidateTittle)  Time elapsed: 0.11 s  <<< FAILURE!
java.lang.AssertionError: expected [MAKIAŽUI123] but found [MAKIAŽUI]
	at lmakei.ValidateTittle.validateTittle(ValidateTittle.java:35)

