<?xml version="1.0" encoding="UTF-8"?>
<testng-results total="1" passed="1" failed="0" skipped="0">
  <reporter-output>
  </reporter-output>
  <suite started-at="2022-02-07T17:55:18Z" name="Default suite" finished-at="2022-02-07T17:55:41Z" duration-ms="22616">
    <groups>
    </groups>
    <test started-at="2022-02-07T17:55:18Z" name="Default test" finished-at="2022-02-07T17:55:41Z" duration-ms="22616">
      <class name="lmakei.HomePage">
        <test-method is-config="true" signature="initializedriver()[pri:0, instance:lmakei.HomePage@27a0a5a2]" started-at="2022-02-07T17:55:18Z" name="initializedriver" finished-at="2022-02-07T17:55:39Z" duration-ms="20266" status="PASS">
          <reporter-output>
          </reporter-output>
        </test-method> <!-- initializedriver -->
        <test-method signature="BasePageNavigation(java.lang.String, java.lang.String, java.lang.String)[pri:0, instance:lmakei.HomePage@27a0a5a2]" started-at="2022-02-07T17:55:39Z" name="BasePageNavigation" data-provider="getData" finished-at="2022-02-07T17:55:40Z" duration-ms="1716" status="PASS">
          <params>
            <param index="0">
              <value>
                <![CDATA[lada.test@mail.com]]>
              </value>
            </param>
            <param index="1">
              <value>
                <![CDATA[password1]]>
              </value>
            </param>
            <param index="2">
              <value>
                <![CDATA[non-restricted user]]>
              </value>
            </param>
          </params>
          <reporter-output>
          </reporter-output>
        </test-method> <!-- BasePageNavigation -->
        <test-method is-config="true" signature="teardown()[pri:0, instance:lmakei.HomePage@27a0a5a2]" started-at="2022-02-07T17:55:40Z" name="teardown" finished-at="2022-02-07T17:55:41Z" duration-ms="617" status="PASS">
          <reporter-output>
          </reporter-output>
        </test-method> <!-- teardown -->
      </class> <!-- lmakei.HomePage -->
    </test> <!-- Default test -->
  </suite> <!-- Default suite -->
</testng-results>
